2024-08-04T22:38:34.421Z [info]: This message will be logged to both console and file.
2024-08-04T22:38:34.423Z [info]: This message will be logged only to the file.
2024-08-04T22:38:36.366Z [info]: WalletManager initialized
2024-08-04T22:38:39.451Z [info]: Password correct. Access granted.
2024-08-04T22:39:54.299Z [info]: Generating 1 wallets
2024-08-04T22:39:54.304Z [info]: New wallet generated: 
2024-08-04T22:39:54.317Z [info]: Wallet inserted successfully
2024-08-04T22:40:06.962Z [info]: Wallet 9HataN88KBkQMPrstv6VNcX9pb4Ys2dFy8XfQvLj93HF has 0.015 SOL
2024-08-04T22:40:06.963Z [info]: Wallet C7g2LScB5ZmVNnev9f43L9fYbdfSnDc1UdquL6vwUKst has 0.01 SOL
2024-08-04T22:40:06.963Z [info]: Wallet BmBA6dr8tSwAgP5FzaAKJTQ8t72StoeTVzCi9kU1NZFS has 0.01 SOL
2024-08-04T22:40:06.964Z [info]: Wallet H2ziRmtL8U9M3nXhqj2gbidBgtnpqxCVbKutJghpiA4D has 0.005 SOL
2024-08-04T22:40:06.964Z [info]: Wallet BETNDytLj7VPB4DKha7LLTo3oSiRDzsCmMGNa2xY1X6f has 0.005 SOL
2024-08-04T22:40:06.965Z [info]: Wallet 6VJonKKbQkDk8Zo9udL2GAS5nNz3je9x2Ww1jDTwZMRq has 0.005 SOL
2024-08-04T22:40:06.966Z [info]: Wallet 9stqe2s9jewV7SWknMwsnBQ6LFQ1qmeqQDBPGWnViorb has 0.005 SOL
2024-08-04T22:40:06.966Z [info]: Wallet DmHdvxhd4oMWPcCoRsDJdtysjCZjHN9zMy4tsPV7jne5 has 0.005 SOL
2024-08-04T22:40:06.966Z [info]: Wallet DN23HqktatUwM46meEGPmrNuYrdBj8Nw6Z6CkZnVgLUp has 0.005 SOL
2024-08-04T22:40:06.967Z [info]: Wallet damBzB83jXcQvEAx8Pb8VDMXpfeXQBryLFYn7qTrTPH has 0.005 SOL
2024-08-04T22:40:06.967Z [info]: Wallet 9SC9vuVbEH6xVEnd8d7zvf1cUc2TXD5DmBd64KVfywLd has 0.005 SOL
2024-08-04T22:40:06.968Z [info]: Wallet ADzDaSrGkUAKV7VweV37Txp6sVLfK5ixkSmjjiW2ckGY has 0.005 SOL
2024-08-04T22:40:06.969Z [info]: Wallet GGzgQdGavEgd7Wc9jCtdw5xyDrdoiKiqEg5acQVjfbsS has 0.005 SOL
2024-08-04T22:40:06.976Z [info]: Wallet 41g8916S2QKd2xsE1zSgBkDXckiS5EXRHkcGFfjPeGJB has 0.005 SOL
2024-08-04T22:40:06.977Z [info]: Wallet 599UZ8TXjF9CviKhKnDHngmrgefQCRLpHMnTNrizan1b has 0.005 SOL
2024-08-04T22:40:06.978Z [info]: Wallet AJ6H3H4m8hJ7HFKZZLbGG6KWLycZ31Vq6dTLsLfzEKvo has 0.005 SOL
2024-08-04T22:40:06.979Z [info]: Wallet CqF4ZEZpFHyffhSVW4ftk6vBu5LCEjxYojhqex3iJ1HQ has 0.005 SOL
2024-08-04T22:40:06.979Z [info]: Wallet AAiv4Yp1rU7VWzKy8peQAFvWVxXuLeqfFirVmR7fX19s has 0.005 SOL
2024-08-04T22:40:06.980Z [info]: Wallet G2jM3bL7i1GXbkhdkVh9NkmzHgoWvUHQ29EiMW8YXPci has 0.005 SOL
2024-08-04T22:40:06.982Z [info]: Wallet J2Lxf1N2URKD2DX9iFmCMf5KqbRceZruJ8xrWpoYJkqY has 0.005 SOL
2024-08-04T22:40:06.983Z [info]: Wallet Cdq2dPnwFDGkhsy5p4sYDUanBqmx2TeUksrq6uDMgppk has 0.005 SOL
2024-08-04T22:40:06.983Z [info]: Wallet FwFqn1g27FeQhym4m9EgoAabyij9yTKQrNuVcmbYPowh has 0.005 SOL
2024-08-04T22:40:06.984Z [info]: Wallet 8MS83uVXMUcD5TxhgCm2xCrDQndRRCohvRCawin1HeKy has 0.005 SOL
2024-08-04T22:40:06.984Z [info]: Wallet DAA7Mu3zNWfov9D5geeiMz62n4rrtxyYnNbsoJrNT7tB has 0.005 SOL
2024-08-04T22:40:06.985Z [info]: Wallet D1REPtc75n4uwpAVnJ6TZ3msGGVgsh5prurWTR7Nz6ia has 0.005 SOL
2024-08-04T22:40:06.987Z [info]: Wallet HiLJ3exZiuvSXxeoDBjaopkfzguRYYaxAmtFSV1NSBiT has 0.005 SOL
2024-08-04T22:40:06.988Z [info]: Wallet 357rZmkYYvvYoSnDVrxMyuHkG5CGitbtKYCNdhR5nNxC has 0.005 SOL
2024-08-04T22:40:06.989Z [info]: Wallet DbjNmTjxeu3ypmtUiEUjCqwAXFVMsNSKad186turYm7a has 0.005 SOL
2024-08-04T22:40:06.991Z [info]: Wallet 8fMMWuEWrzH257gUFgANvcQgCqyALjN1aMJEKyTZvpnz has 0.005 SOL
2024-08-04T22:40:06.992Z [info]: Wallet 9KrVMwUrbgqXru9pJWx8a6YYywKZMrG4yH2eez5c8SdX has 0.005 SOL
2024-08-04T22:40:06.992Z [info]: Wallet 79ySBAJg52VNfgQFhxrkpS3XwG4M2SfGRQEsqvEb1Bre has 0.005 SOL
2024-08-04T22:40:06.993Z [info]: Wallet 7EitY2k7ULCEwtRemqhW4qYirtr2ySMyhFZ9cKZ5V7Pu has 0.005 SOL
2024-08-04T22:40:06.993Z [info]: Wallet 9jUAAQJE97cPTnP8Cf2BvQ18xyKkiz4XGe1v8mP4uTWF has 0.005 SOL
2024-08-04T22:40:06.993Z [info]: Wallet 9DBZDtLfaGJaZ1yh37DxXQHLLuzFxMKvzvSM665Yk7dh has 0.005 SOL
2024-08-04T22:40:06.993Z [info]: Wallet 7eFHjQmTukWkvAFk8MLrSghMFg8R79r5JwmsqkF8ChDP has 0.005 SOL
2024-08-04T22:40:06.994Z [info]: Wallet 3sWGzxkk5AxCC5xSZDgehKgUSTdWpWw8bQ2u9sQfzkwe has 0.005 SOL
2024-08-04T22:40:06.994Z [info]: Wallet 4kGoVvgeLTPvojuohyJQU6mu7ywp199jMMBiLiB33EVx has 0.005 SOL
2024-08-04T22:40:06.994Z [info]: Wallet 39VJ383Ds2Ye95FyeyWrB4b22HXt2TD8VstbE6Aq4To8 has 0.005 SOL
2024-08-04T22:40:06.995Z [info]: Wallet DkbvujELz7dkswbh8kDoTY21enZSEe3jCGkJpCt2PiQJ has 0.005 SOL
2024-08-04T22:40:06.995Z [info]: Wallet HR97a5Y7nmMNb1NtJKk5u4hgdZ6kFKvfc6VwJFokWPtk has 0.005 SOL
2024-08-04T22:40:06.995Z [info]: Wallet 58jMSYZQJab5UwvVrDZdtkNzNXobEwPNg9TxBHKZvmbU has 0.005 SOL
2024-08-04T22:40:06.996Z [info]: Wallet Acw32kyrUvnrhPfHG2V4wMgCzdaLkYZRiUbwyae13afT has 0.005 SOL
2024-08-04T22:40:06.996Z [info]: Wallet Ft8dkYh6sfvV9j5i3Kp1ArdpxpRrpREaHZV3THXxxifg has 0.005 SOL
2024-08-04T22:40:06.997Z [info]: Wallet GEwK4en56ByZftZZePuRKjReNEF9JJadtpspBskwNo7e has 0.005 SOL
2024-08-04T22:40:06.997Z [info]: Wallet BPmCWkfH7EXN5h4aFb8Ja4J1LLnPfrUqxuJBQ2uUvaCt has 0.005 SOL
2024-08-04T22:40:06.998Z [info]: Wallet EqDXqkJQG2UCcK6ff4nVbmCmRQx3U9PFRYG7BCyF332Z has 0.005 SOL
2024-08-04T22:40:06.999Z [info]: Wallet 214xqxGzhwmsDVNBWMS4rxugszDfhY7gypZFboHGVFYq has 0.005 SOL
2024-08-04T22:40:07.000Z [info]: Wallet GyLEUzqZVMzPA9MnsuMSvGHrYnU3mtsG8HbtyHUQDNHv has 0.005 SOL
2024-08-04T22:40:07.000Z [info]: Wallet 4DPFt6FSy9gb6fagWDJtQaCFBnxzzDZdqVHBSu7B4nah has 0.005 SOL
2024-08-04T22:40:07.001Z [info]: Wallet GLmb2FnSzARZmgeRSoUTAxKjithFBcu2zP2RRSX7ZT7k has 0.005 SOL
2024-08-04T22:40:07.001Z [info]: Wallet C8VsuB5wn4K5dTQDjFCyk3BBDCGLcdGbxF912BxLCCvS has 0.005 SOL
2024-08-04T22:40:07.003Z [info]: Wallet 7MVRN8kVzReghvmddYNSBt5umdDLeuH8zCTf4MPraZU1 has 0.005 SOL
2024-08-04T22:40:07.004Z [info]: Wallet EsgZ4s5A7VVrBXQP3GHB8jTbMvLbZwzhnkZT4auXEWpx has 0.005 SOL
2024-08-04T22:40:07.004Z [info]: Wallet 7FGgY4fruye3ppj95UNudSP6PmHLgeziSWLEAMFQouq2 has 0.005 SOL
2024-08-04T22:40:07.005Z [info]: Wallet AXZgGKjjicWhMWg5EHHPYyYzkSin7Hw4eWNSeK26z1aT has 0.005 SOL
2024-08-04T22:40:07.008Z [info]: Wallet CqAZEKZyV8nqrBoG3jyZu7rbrPuxba8142VwJjqRrCgb has 0.005 SOL
2024-08-04T22:40:07.010Z [info]: Wallet GHSYzsWsoSYg5dD8ePXY36XXZCwKMMJhpbMUdGJhPTk has 0.005 SOL
2024-08-04T22:40:07.010Z [info]: Wallet 7QjqL3eNL51Uq6JtEUBTBpG6zTMxf5QscXygzHbwc8bg has 0.005 SOL
2024-08-04T22:40:07.011Z [info]: Wallet EzBMW5GkXJ6Q6eitVGGikxwG74dfNZ32gJsg5MPiwaHb has 0.005 SOL
2024-08-04T22:40:07.012Z [info]: Wallet 3eRLCKSupKsWJVnFBtP68FH1ZtYhMyMgWXJmYs9TnMvq has 0.005 SOL
2024-08-04T22:40:07.012Z [info]: Wallet EviT4wgWXaJfjiVNKcDjzxnBbotSUqDpKtYydjxeMEzy has 0.005 SOL
2024-08-04T22:40:07.013Z [info]: Wallet AEHQ8pssgTW1vERyVtMNcNJqTy7FUxgcWy41F7BE2i9W has 0.005 SOL
2024-08-04T22:40:07.014Z [info]: Wallet 9hXejodeCYVUgyE8jvgqYf44GcVrbpmqGfo13t9jKPuS has 0.005 SOL
2024-08-04T22:40:07.020Z [info]: Wallet BKjRxkqNUByXKPNk8Gf2A15JRDpARtDro1b2P8NEPB7J has 0.005 SOL
2024-08-04T22:40:07.021Z [info]: Wallet 6dy52dLgXaxsjLqcu6f3Dfhu4zMkQmdFFg6EcDBYCG14 has 0.005 SOL
2024-08-04T22:40:07.022Z [info]: Wallet B5WyaCZTLNG7AE5EScJgX7fppvV8oCtAYKzUcACJw6fD has 0.005 SOL
2024-08-04T22:40:07.024Z [info]: Wallet AJVSMBh9fKdLkGcV4ubQj5MSgBUj8tgKeNvZU5v1R6zT has 0.005 SOL
2024-08-04T22:40:07.025Z [info]: Wallet 5hE5nz5qPP1Lw9RJA5Y5YpuV2VPpCGVU8NhbKUNSUenK has 0.005 SOL
2024-08-04T22:40:07.025Z [info]: Wallet 9GpyweEgsS31Gw7jFH7UZTcokBpUf7ySgx9PsEPipvG5 has 0.005 SOL
2024-08-04T22:40:07.026Z [info]: Wallet FK3YWaxS4esrXRhwFWrcFxY8kJtDtgAkcczFTmLqaLwZ has 0.005 SOL
2024-08-04T22:40:07.027Z [info]: Wallet GzCvH5kGRcqu2UFsoQMRW74XVaBfwFaHzDUuxaDc53AU has 0.005 SOL
2024-08-04T22:40:07.027Z [info]: Wallet CLJLdCw12KQNaCjgQHofq1BKgfT2Spgh3Ch5YCoJjeYw has 0.005 SOL
2024-08-04T22:40:07.028Z [info]: Wallet RGFXUXkknB1meQ65QMsQNUc8PeKFVxDfwcGBrrD3Rcq has 0.005 SOL
2024-08-04T22:40:07.028Z [info]: Wallet DUioqFsAmo9RMHZQDqCLQWLAHcpkyBBEV58f54FjzqTq has 0.005 SOL
2024-08-04T22:40:07.028Z [info]: Wallet 8uhxtZFVC1WaZuSQFEVXqfd6s5saDBe8KmLDWqrMCCVX has 0.005 SOL
2024-08-04T22:40:07.029Z [info]: Wallet FFeMfSsEnbAS3Cjx3SHwkMtH5MFHKq6HAbrGEbUSPw5P has 0.005 SOL
2024-08-04T22:40:07.029Z [info]: Wallet CnySV2yaTfWZETN3aFXnLx7Pz8mBkYeQkDbA9eKGPBfj has 0.005 SOL
2024-08-04T22:40:07.029Z [info]: Wallet 8LEqNDGhZqg7uQr7wzqYigGPM6qfQd4LrzYM6wiYjDnQ has 0.005 SOL
2024-08-04T22:40:07.030Z [info]: Wallet EsdcUVVue63UCvmHFiNK3qPwZFCEwwFazxT7jgQkxUku has 0.005 SOL
2024-08-04T22:40:07.030Z [info]: Wallet 5EkKksrx7W1gGmbZQZNx1TrCXMGXPtscjH7grJMVi3ep has 0.005 SOL
2024-08-04T22:40:07.031Z [info]: Wallet GGszuWYfUMWi3izxAAdykXTA8o7yn157h6tJAjHgQ8ZQ has 0.005 SOL
2024-08-04T22:40:07.032Z [info]: Wallet F371Q31eyznbEQSSVaUqBCGAJG5zy6TD8YPSboMC3Ddy has 0.005 SOL
2024-08-04T22:40:07.033Z [info]: Wallet 2EAQNL8PoTk1z9ENmR4WcmhGnCQicnPwT5ZKBMHzSBMe has 0.005 SOL
2024-08-04T22:40:07.033Z [info]: Wallet 2Xgk4N5NJ7nZUhkgp4rtFB7DK9jgDjh9aaBE7cMN7UVi has 0.005 SOL
2024-08-04T22:40:07.034Z [info]: Wallet EapepzLHNX2jjMYzvJmyGWM4T22qv17phSFzXoBPikfa has 0.005 SOL
2024-08-04T22:40:07.034Z [info]: Wallet 3YtxjabafmYVRinPT5JtiaWb2DrcG76Jb22ovWsHFrjB has 0.005 SOL
2024-08-04T22:40:07.034Z [info]: Wallet 45CrjijPKj485gFpScQwX9Vd5j8rZNg1HtYinsAvoaC5 has 0.005 SOL
2024-08-04T22:40:07.035Z [info]: Wallet ANiPyCErxgccUbQhkk5qTy7vWm96gNLUXWrSJcKW7JNP has 0.005 SOL
2024-08-04T22:40:07.036Z [info]: Wallet HgHYgZNwJ9tKfWWBiqFDquuVp2iJVhPYLH56TTSk5boD has 0.005 SOL
2024-08-04T22:40:07.037Z [info]: Wallet 9fh6D4U265gohvXxJTWs8ZQQVjvjMT2swRR9wzfuwiAK has 0.005 SOL
2024-08-04T22:40:07.037Z [info]: Wallet PTKPHvaB8RJZTTGsABw73YnQro2TSaTyazHXtTLYQF9 has 0.005 SOL
2024-08-04T22:40:07.038Z [info]: Wallet fSdSM1KHq6y9XmKGVwAL5uFPBJezJKVdThP84De2ECC has 0.005 SOL
2024-08-04T22:40:07.038Z [info]: Wallet BbTiA9SUTyPPrAUn3jZwx6zvxySWorNZacKhmtv9aCFn has 0.005 SOL
2024-08-04T22:40:07.039Z [info]: Wallet H2SFuiJgvkjBNPr5mG8uQpAmbpzbPSiWdYYFt9E2XTnh has 0.005 SOL
2024-08-04T22:40:07.039Z [info]: Wallet DpVfYYjjZj2nbyT9wzxV5u2WzTcYiaXpGiwbbfc1fs5y has 0.005 SOL
2024-08-04T22:40:07.039Z [info]: Wallet DFy8ZzmuxdAwJP4Kzaw9o6ma2qNWh8Y4JPbLYzodma5Q has 0.005 SOL
2024-08-04T22:40:07.040Z [info]: Wallet C55eeTX5JK6zJmKG13HUyBKo2nFEEHDsX2C6zqW3HfzH has 0.005 SOL
2024-08-04T22:40:07.040Z [info]: Wallet D1iesLUMFKYfkomeKUGKyDGucvM8a4ECDqPzJ3MJfrTE has 0.005 SOL
2024-08-04T22:40:07.040Z [info]: Wallet 37brrzezhRS1QCr6oGtv91XAfXJojNvvmLB7vJLk3bar has 0.005 SOL
2024-08-04T22:40:07.041Z [info]: Wallet BA4u1mY1SP1UHbXrc569VZNKxbvornL85kpUHbF3Bieu has 0.005 SOL
